<?xml version="1.0" encoding="UTF-8"?>
<testsuite xmlns:xsi="http://www.w3.org/2001/XMLSchema-instance" xsi:noNamespaceSchemaLocation="https://maven.apache.org/surefire/maven-surefire-plugin/xsd/surefire-test-report.xsd" name="com.e2eTests.whereitTest.TestRunner" time="175.825" tests="39" errors="0" skipped="0" failures="0">
  <properties>
    <property name="sun.desktop" value="windows"/>
    <property name="awt.toolkit" value="sun.awt.windows.WToolkit"/>
    <property name="java.specification.version" value="11"/>
    <property name="sun.cpu.isalist" value="amd64"/>
    <property name="sun.jnu.encoding" value="Cp1252"/>
    <property name="java.class.path" value="C:\Users\Imen BEN AMMAR\eclipse-workspace\WheritTestAutomation\target\test-classes;C:\Users\Imen BEN AMMAR\eclipse-workspace\WheritTestAutomation\target\classes;C:\Users\Imen BEN AMMAR\.m2\repository\junit\junit\4.11\junit-4.11.jar;C:\Users\Imen BEN AMMAR\.m2\repository\org\hamcrest\hamcrest-core\1.3\hamcrest-core-1.3.jar;C:\Users\Imen BEN AMMAR\.m2\repository\org\apache\poi\poi\4.1.1\poi-4.1.1.jar;C:\Users\Imen BEN AMMAR\.m2\repository\org\apache\commons\commons-collections4\4.4\commons-collections4-4.4.jar;C:\Users\Imen BEN AMMAR\.m2\repository\org\apache\commons\commons-math3\3.6.1\commons-math3-3.6.1.jar;C:\Users\Imen BEN AMMAR\.m2\repository\org\apache\poi\poi-ooxml\4.1.1\poi-ooxml-4.1.1.jar;C:\Users\Imen BEN AMMAR\.m2\repository\org\apache\poi\poi-ooxml-schemas\4.1.1\poi-ooxml-schemas-4.1.1.jar;C:\Users\Imen BEN AMMAR\.m2\repository\org\apache\xmlbeans\xmlbeans\3.1.0\xmlbeans-3.1.0.jar;C:\Users\Imen BEN AMMAR\.m2\repository\org\apache\commons\commons-compress\1.19\commons-compress-1.19.jar;C:\Users\Imen BEN AMMAR\.m2\repository\com\github\virtuald\curvesapi\1.06\curvesapi-1.06.jar;C:\Users\Imen BEN AMMAR\.m2\repository\info\cukes\cucumber-junit\1.2.4\cucumber-junit-1.2.4.jar;C:\Users\Imen BEN AMMAR\.m2\repository\info\cukes\cucumber-core\1.2.4\cucumber-core-1.2.4.jar;C:\Users\Imen BEN AMMAR\.m2\repository\info\cukes\cucumber-html\0.2.3\cucumber-html-0.2.3.jar;C:\Users\Imen BEN AMMAR\.m2\repository\info\cukes\cucumber-jvm-deps\1.0.5\cucumber-jvm-deps-1.0.5.jar;C:\Users\Imen BEN AMMAR\.m2\repository\info\cukes\gherkin\2.12.2\gherkin-2.12.2.jar;C:\Users\Imen BEN AMMAR\.m2\repository\info\cukes\cucumber-java\1.2.4\cucumber-java-1.2.4.jar;C:\Users\Imen BEN AMMAR\.m2\repository\log4j\log4j\1.2.17\log4j-1.2.17.jar;C:\Users\Imen BEN AMMAR\.m2\repository\org\assertj\assertj-core\3.2.0\assertj-core-3.2.0.jar;C:\Users\Imen BEN AMMAR\.m2\repository\commons-codec\commons-codec\1.10\commons-codec-1.10.jar;C:\Users\Imen BEN AMMAR\.m2\repository\org\slf4j\slf4j-log4j12\1.7.18\slf4j-log4j12-1.7.18.jar;C:\Users\Imen BEN AMMAR\.m2\repository\org\slf4j\slf4j-api\1.7.18\slf4j-api-1.7.18.jar;C:\Users\Imen BEN AMMAR\.m2\repository\com\aventstack\extentreports\3.1.3\extentreports-3.1.3.jar;C:\Users\Imen BEN AMMAR\.m2\repository\org\freemarker\freemarker\2.3.23\freemarker-2.3.23.jar;C:\Users\Imen BEN AMMAR\.m2\repository\org\mongodb\mongodb-driver\3.3.0\mongodb-driver-3.3.0.jar;C:\Users\Imen BEN AMMAR\.m2\repository\org\mongodb\bson\3.3.0\bson-3.3.0.jar;C:\Users\Imen BEN AMMAR\.m2\repository\org\mongodb\mongodb-driver-core\3.3.0\mongodb-driver-core-3.3.0.jar;C:\Users\Imen BEN AMMAR\.m2\repository\org\apache\httpcomponents\httpclient\4.5.2\httpclient-4.5.2.jar;C:\Users\Imen BEN AMMAR\.m2\repository\org\apache\httpcomponents\httpcore\4.4.4\httpcore-4.4.4.jar;C:\Users\Imen BEN AMMAR\.m2\repository\commons-logging\commons-logging\1.2\commons-logging-1.2.jar;C:\Users\Imen BEN AMMAR\.m2\repository\org\apache\httpcomponents\httpmime\4.5.2\httpmime-4.5.2.jar;C:\Users\Imen BEN AMMAR\.m2\repository\org\jsoup\jsoup\1.9.2\jsoup-1.9.2.jar;C:\Users\Imen BEN AMMAR\.m2\repository\com\google\code\gson\gson\2.8.0\gson-2.8.0.jar;C:\Users\Imen BEN AMMAR\.m2\repository\com\vimalselvam\cucumber-extentsreport\3.0.0\cucumber-extentsreport-3.0.0.jar;C:\Users\Imen BEN AMMAR\.m2\repository\org\seleniumhq\selenium\selenium-java\3.141.59\selenium-java-3.141.59.jar;C:\Users\Imen BEN AMMAR\.m2\repository\org\seleniumhq\selenium\selenium-api\3.141.59\selenium-api-3.141.59.jar;C:\Users\Imen BEN AMMAR\.m2\repository\org\seleniumhq\selenium\selenium-chrome-driver\3.141.59\selenium-chrome-driver-3.141.59.jar;C:\Users\Imen BEN AMMAR\.m2\repository\org\seleniumhq\selenium\selenium-edge-driver\3.141.59\selenium-edge-driver-3.141.59.jar;C:\Users\Imen BEN AMMAR\.m2\repository\org\seleniumhq\selenium\selenium-firefox-driver\3.141.59\selenium-firefox-driver-3.141.59.jar;C:\Users\Imen BEN AMMAR\.m2\repository\org\seleniumhq\selenium\selenium-ie-driver\3.141.59\selenium-ie-driver-3.141.59.jar;C:\Users\Imen BEN AMMAR\.m2\repository\org\seleniumhq\selenium\selenium-opera-driver\3.141.59\selenium-opera-driver-3.141.59.jar;C:\Users\Imen BEN AMMAR\.m2\repository\org\seleniumhq\selenium\selenium-remote-driver\3.141.59\selenium-remote-driver-3.141.59.jar;C:\Users\Imen BEN AMMAR\.m2\repository\org\seleniumhq\selenium\selenium-safari-driver\3.141.59\selenium-safari-driver-3.141.59.jar;C:\Users\Imen BEN AMMAR\.m2\repository\org\seleniumhq\selenium\selenium-support\3.141.59\selenium-support-3.141.59.jar;C:\Users\Imen BEN AMMAR\.m2\repository\net\bytebuddy\byte-buddy\1.8.15\byte-buddy-1.8.15.jar;C:\Users\Imen BEN AMMAR\.m2\repository\org\apache\commons\commons-exec\1.3\commons-exec-1.3.jar;C:\Users\Imen BEN AMMAR\.m2\repository\com\google\guava\guava\25.0-jre\guava-25.0-jre.jar;C:\Users\Imen BEN AMMAR\.m2\repository\com\google\code\findbugs\jsr305\1.3.9\jsr305-1.3.9.jar;C:\Users\Imen BEN AMMAR\.m2\repository\org\checkerframework\checker-compat-qual\2.0.0\checker-compat-qual-2.0.0.jar;C:\Users\Imen BEN AMMAR\.m2\repository\com\google\errorprone\error_prone_annotations\2.1.3\error_prone_annotations-2.1.3.jar;C:\Users\Imen BEN AMMAR\.m2\repository\com\google\j2objc\j2objc-annotations\1.1\j2objc-annotations-1.1.jar;C:\Users\Imen BEN AMMAR\.m2\repository\org\codehaus\mojo\animal-sniffer-annotations\1.14\animal-sniffer-annotations-1.14.jar;C:\Users\Imen BEN AMMAR\.m2\repository\com\squareup\okhttp3\okhttp\3.11.0\okhttp-3.11.0.jar;C:\Users\Imen BEN AMMAR\.m2\repository\com\squareup\okio\okio\1.14.0\okio-1.14.0.jar;C:\Users\Imen BEN AMMAR\.m2\repository\net\code-story\simplelenium\2.1\simplelenium-2.1.jar;"/>
    <property name="java.vm.vendor" value="Oracle Corporation"/>
    <property name="sun.arch.data.model" value="64"/>
    <property name="user.variant" value=""/>
    <property name="java.vendor.url" value="https://openjdk.java.net/"/>
    <property name="user.timezone" value="Africa/Luanda"/>
    <property name="java.vm.specification.version" value="11"/>
    <property name="os.name" value="Windows 10"/>
    <property name="sun.java.launcher" value="SUN_STANDARD"/>
    <property name="user.country" value="FR"/>
    <property name="sun.boot.library.path" value="C:\Program Files\Java\jdk-11.0.9\bin"/>
    <property name="sun.java.command" value="C:\Users\IMENBE~1\AppData\Local\Temp\surefire6786630579304774912\surefirebooter8450931096340963887.jar C:\Users\Imen BEN AMMAR\AppData\Local\Temp\surefire6786630579304774912 2021-02-17T02-01-23_065-jvmRun1 surefire3302718470985848940tmp surefire_09660864382416859910tmp"/>
    <property name="jdk.debug" value="release"/>
    <property name="surefire.test.class.path" value="C:\Users\Imen BEN AMMAR\eclipse-workspace\WheritTestAutomation\target\test-classes;C:\Users\Imen BEN AMMAR\eclipse-workspace\WheritTestAutomation\target\classes;C:\Users\Imen BEN AMMAR\.m2\repository\junit\junit\4.11\junit-4.11.jar;C:\Users\Imen BEN AMMAR\.m2\repository\org\hamcrest\hamcrest-core\1.3\hamcrest-core-1.3.jar;C:\Users\Imen BEN AMMAR\.m2\repository\org\apache\poi\poi\4.1.1\poi-4.1.1.jar;C:\Users\Imen BEN AMMAR\.m2\repository\org\apache\commons\commons-collections4\4.4\commons-collections4-4.4.jar;C:\Users\Imen BEN AMMAR\.m2\repository\org\apache\commons\commons-math3\3.6.1\commons-math3-3.6.1.jar;C:\Users\Imen BEN AMMAR\.m2\repository\org\apache\poi\poi-ooxml\4.1.1\poi-ooxml-4.1.1.jar;C:\Users\Imen BEN AMMAR\.m2\repository\org\apache\poi\poi-ooxml-schemas\4.1.1\poi-ooxml-schemas-4.1.1.jar;C:\Users\Imen BEN AMMAR\.m2\repository\org\apache\xmlbeans\xmlbeans\3.1.0\xmlbeans-3.1.0.jar;C:\Users\Imen BEN AMMAR\.m2\repository\org\apache\commons\commons-compress\1.19\commons-compress-1.19.jar;C:\Users\Imen BEN AMMAR\.m2\repository\com\github\virtuald\curvesapi\1.06\curvesapi-1.06.jar;C:\Users\Imen BEN AMMAR\.m2\repository\info\cukes\cucumber-junit\1.2.4\cucumber-junit-1.2.4.jar;C:\Users\Imen BEN AMMAR\.m2\repository\info\cukes\cucumber-core\1.2.4\cucumber-core-1.2.4.jar;C:\Users\Imen BEN AMMAR\.m2\repository\info\cukes\cucumber-html\0.2.3\cucumber-html-0.2.3.jar;C:\Users\Imen BEN AMMAR\.m2\repository\info\cukes\cucumber-jvm-deps\1.0.5\cucumber-jvm-deps-1.0.5.jar;C:\Users\Imen BEN AMMAR\.m2\repository\info\cukes\gherkin\2.12.2\gherkin-2.12.2.jar;C:\Users\Imen BEN AMMAR\.m2\repository\info\cukes\cucumber-java\1.2.4\cucumber-java-1.2.4.jar;C:\Users\Imen BEN AMMAR\.m2\repository\log4j\log4j\1.2.17\log4j-1.2.17.jar;C:\Users\Imen BEN AMMAR\.m2\repository\org\assertj\assertj-core\3.2.0\assertj-core-3.2.0.jar;C:\Users\Imen BEN AMMAR\.m2\repository\commons-codec\commons-codec\1.10\commons-codec-1.10.jar;C:\Users\Imen BEN AMMAR\.m2\repository\org\slf4j\slf4j-log4j12\1.7.18\slf4j-log4j12-1.7.18.jar;C:\Users\Imen BEN AMMAR\.m2\repository\org\slf4j\slf4j-api\1.7.18\slf4j-api-1.7.18.jar;C:\Users\Imen BEN AMMAR\.m2\repository\com\aventstack\extentreports\3.1.3\extentreports-3.1.3.jar;C:\Users\Imen BEN AMMAR\.m2\repository\org\freemarker\freemarker\2.3.23\freemarker-2.3.23.jar;C:\Users\Imen BEN AMMAR\.m2\repository\org\mongodb\mongodb-driver\3.3.0\mongodb-driver-3.3.0.jar;C:\Users\Imen BEN AMMAR\.m2\repository\org\mongodb\bson\3.3.0\bson-3.3.0.jar;C:\Users\Imen BEN AMMAR\.m2\repository\org\mongodb\mongodb-driver-core\3.3.0\mongodb-driver-core-3.3.0.jar;C:\Users\Imen BEN AMMAR\.m2\repository\org\apache\httpcomponents\httpclient\4.5.2\httpclient-4.5.2.jar;C:\Users\Imen BEN AMMAR\.m2\repository\org\apache\httpcomponents\httpcore\4.4.4\httpcore-4.4.4.jar;C:\Users\Imen BEN AMMAR\.m2\repository\commons-logging\commons-logging\1.2\commons-logging-1.2.jar;C:\Users\Imen BEN AMMAR\.m2\repository\org\apache\httpcomponents\httpmime\4.5.2\httpmime-4.5.2.jar;C:\Users\Imen BEN AMMAR\.m2\repository\org\jsoup\jsoup\1.9.2\jsoup-1.9.2.jar;C:\Users\Imen BEN AMMAR\.m2\repository\com\google\code\gson\gson\2.8.0\gson-2.8.0.jar;C:\Users\Imen BEN AMMAR\.m2\repository\com\vimalselvam\cucumber-extentsreport\3.0.0\cucumber-extentsreport-3.0.0.jar;C:\Users\Imen BEN AMMAR\.m2\repository\org\seleniumhq\selenium\selenium-java\3.141.59\selenium-java-3.141.59.jar;C:\Users\Imen BEN AMMAR\.m2\repository\org\seleniumhq\selenium\selenium-api\3.141.59\selenium-api-3.141.59.jar;C:\Users\Imen BEN AMMAR\.m2\repository\org\seleniumhq\selenium\selenium-chrome-driver\3.141.59\selenium-chrome-driver-3.141.59.jar;C:\Users\Imen BEN AMMAR\.m2\repository\org\seleniumhq\selenium\selenium-edge-driver\3.141.59\selenium-edge-driver-3.141.59.jar;C:\Users\Imen BEN AMMAR\.m2\repository\org\seleniumhq\selenium\selenium-firefox-driver\3.141.59\selenium-firefox-driver-3.141.59.jar;C:\Users\Imen BEN AMMAR\.m2\repository\org\seleniumhq\selenium\selenium-ie-driver\3.141.59\selenium-ie-driver-3.141.59.jar;C:\Users\Imen BEN AMMAR\.m2\repository\org\seleniumhq\selenium\selenium-opera-driver\3.141.59\selenium-opera-driver-3.141.59.jar;C:\Users\Imen BEN AMMAR\.m2\repository\org\seleniumhq\selenium\selenium-remote-driver\3.141.59\selenium-remote-driver-3.141.59.jar;C:\Users\Imen BEN AMMAR\.m2\repository\org\seleniumhq\selenium\selenium-safari-driver\3.141.59\selenium-safari-driver-3.141.59.jar;C:\Users\Imen BEN AMMAR\.m2\repository\org\seleniumhq\selenium\selenium-support\3.141.59\selenium-support-3.141.59.jar;C:\Users\Imen BEN AMMAR\.m2\repository\net\bytebuddy\byte-buddy\1.8.15\byte-buddy-1.8.15.jar;C:\Users\Imen BEN AMMAR\.m2\repository\org\apache\commons\commons-exec\1.3\commons-exec-1.3.jar;C:\Users\Imen BEN AMMAR\.m2\repository\com\google\guava\guava\25.0-jre\guava-25.0-jre.jar;C:\Users\Imen BEN AMMAR\.m2\repository\com\google\code\findbugs\jsr305\1.3.9\jsr305-1.3.9.jar;C:\Users\Imen BEN AMMAR\.m2\repository\org\checkerframework\checker-compat-qual\2.0.0\checker-compat-qual-2.0.0.jar;C:\Users\Imen BEN AMMAR\.m2\repository\com\google\errorprone\error_prone_annotations\2.1.3\error_prone_annotations-2.1.3.jar;C:\Users\Imen BEN AMMAR\.m2\repository\com\google\j2objc\j2objc-annotations\1.1\j2objc-annotations-1.1.jar;C:\Users\Imen BEN AMMAR\.m2\repository\org\codehaus\mojo\animal-sniffer-annotations\1.14\animal-sniffer-annotations-1.14.jar;C:\Users\Imen BEN AMMAR\.m2\repository\com\squareup\okhttp3\okhttp\3.11.0\okhttp-3.11.0.jar;C:\Users\Imen BEN AMMAR\.m2\repository\com\squareup\okio\okio\1.14.0\okio-1.14.0.jar;C:\Users\Imen BEN AMMAR\.m2\repository\net\code-story\simplelenium\2.1\simplelenium-2.1.jar;"/>
    <property name="sun.cpu.endian" value="little"/>
    <property name="user.home" value="C:\Users\Imen BEN AMMAR"/>
    <property name="user.language" value="fr"/>
    <property name="java.specification.vendor" value="Oracle Corporation"/>
    <property name="java.version.date" value="2020-10-20"/>
    <property name="java.home" value="C:\Program Files\Java\jdk-11.0.9"/>
    <property name="file.separator" value="\"/>
    <property name="basedir" value="C:\Users\Imen BEN AMMAR\eclipse-workspace\WheritTestAutomation"/>
    <property name="java.vm.compressedOopsMode" value="Zero based"/>
    <property name="line.separator" value="&#10;"/>
    <property name="java.specification.name" value="Java Platform API Specification"/>
    <property name="java.vm.specification.vendor" value="Oracle Corporation"/>
    <property name="java.awt.graphicsenv" value="sun.awt.Win32GraphicsEnvironment"/>
    <property name="surefire.real.class.path" value="C:\Users\IMENBE~1\AppData\Local\Temp\surefire6786630579304774912\surefirebooter8450931096340963887.jar"/>
    <property name="user.script" value=""/>
    <property name="sun.management.compiler" value="HotSpot 64-Bit Tiered Compilers"/>
    <property name="java.runtime.version" value="11.0.9+7-LTS"/>
    <property name="user.name" value="Imen BEN AMMAR"/>
    <property name="path.separator" value=";"/>
    <property name="os.version" value="10.0"/>
    <property name="java.runtime.name" value="Java(TM) SE Runtime Environment"/>
    <property name="file.encoding" value="Cp1252"/>
    <property name="java.vm.name" value="Java HotSpot(TM) 64-Bit Server VM"/>
    <property name="java.vendor.version" value="18.9"/>
    <property name="localRepository" value="C:\Users\Imen BEN AMMAR\.m2\repository"/>
    <property name="java.vendor.url.bug" value="https://bugreport.java.com/bugreport/"/>
    <property name="java.io.tmpdir" value="C:\Users\IMENBE~1\AppData\Local\Temp\"/>
    <property name="java.version" value="11.0.9"/>
    <property name="user.dir" value="C:\Users\Imen BEN AMMAR\eclipse-workspace\WheritTestAutomation"/>
    <property name="os.arch" value="amd64"/>
    <property name="java.vm.specification.name" value="Java Virtual Machine Specification"/>
    <property name="java.awt.printerjob" value="sun.awt.windows.WPrinterJob"/>
    <property name="sun.os.patch.level" value=""/>
    <property name="java.library.path" value="C:\Program Files\Java\jdk-11.0.9\bin;C:\windows\Sun\Java\bin;C:\windows\system32;C:\windows;C:\Users\Imen BEN AMMAR\Desktop\Worktools\apache-maven-3.6.3/bin;C:\Program Files\Java\jdk-11.0.9/bin;C:\Program Files\Java\jdk-11.0.9/bin;C:\Program Files\Common Files\Oracle\Java\javapath;C:\Program Files (x86)\Common Files\Oracle\Java\javapath;C:\windows\system32;C:\windows;C:\windows\System32\Wbem;C:\windows\System32\WindowsPowerShell\v1.0\;C:\windows\System32\OpenSSH\;C:\Program Files (x86)\NVIDIA Corporation\PhysX\Common;C:\Program Files\NVIDIA Corporation\NVIDIA NvDLISR;C:\Program Files\PuTTY\;C:\Program Files\nodejs\;C:\Users\Imen BEN AMMAR\Desktop\Worktools\apache-maven-3.6.3\bin;C:\Program Files\Git\cmd;C:\Program Files\Java\jdk-11.0.9\bin;;C:\Program Files\Docker\Docker\resources\bin;C:\ProgramData\DockerDesktop\version-bin;C:\Users\Imen BEN AMMAR\AppData\Local\Programs\Python\Python39\Scripts\;C:\Users\Imen BEN AMMAR\AppData\Local\Programs\Python\Python39\;C:\Users\Imen BEN AMMAR\AppData\Local\Microsoft\WindowsApps;C:\Users\Imen BEN AMMAR\AppData\Roaming\npm;C:\Users\Imen BEN AMMAR\AppData\Local\Programs\Microsoft VS Code\bin;."/>
    <property name="java.vendor" value="Oracle Corporation"/>
    <property name="java.vm.info" value="mixed mode"/>
    <property name="java.vm.version" value="11.0.9+7-LTS"/>
    <property name="sun.io.unicode.encoding" value="UnicodeLittle"/>
    <property name="java.class.version" value="55.0"/>
  </properties>
  <testcase name="Given Je me connecte à l&apos;application Whereit-test" classname="Scenario: Authentification - Whereit-test" time="0.001"/>
  <testcase name="Given Je me connecte à l&apos;application Whereit-test" classname="Scenario: Authentification - Whereit-test" time="0.001"/>
  <testcase name="Given Je me connecte à l&apos;application Whereit-test" classname="Scenario: Authentification - Whereit-test" time="0"/>
  <testcase name="Given Je me connecte à l&apos;application Whereit-test" classname="Scenario: Authentification - Whereit-test" time="0"/>
  <testcase name="When Je saisis le username &quot;Superviseur&quot;" classname="Scenario: Authentification - Whereit-test" time="0"/>
  <testcase name="When Je saisis le username &quot;Superviseur&quot;" classname="Scenario: Authentification - Whereit-test" time="0"/>
  <testcase name="And Je saisis le password &quot;WeFind1204%=&quot;" classname="Scenario: Authentification - Whereit-test" time="0"/>
  <testcase name="And Je saisis le password &quot;WeFind1204%=&quot;" classname="Scenario: Authentification - Whereit-test" time="0"/>
  <testcase name="And je clique sur le bouton Valider" classname="Scenario: Authentification - Whereit-test" time="0"/>
  <testcase name="And je clique sur le bouton Valider" classname="Scenario: Authentification - Whereit-test" time="0"/>
  <testcase name="And je clique sur le bouton Valider" classname="Scenario: Authentification - Whereit-test" time="0"/>
  <testcase name="And je clique sur le bouton Valider" classname="Scenario: Authentification - Whereit-test" time="0"/>
  <testcase name="Then Redirection vers le compte admin" classname="Scenario: Authentification - Whereit-test" time="0.001"/>
  <testcase name="Scenario: Authentification - Whereit-test" classname="Scenario: Authentification - Whereit-test" time="0.641"/>
  <testcase name="Scenario: Authentification - Whereit-test" classname="Scenario: Authentification - Whereit-test" time="0.633"/>
  <testcase name="Scenario: Authentification - Whereit-test" classname="Scenario: Authentification - Whereit-test" time="0.631"/>
  <testcase name="Scenario: Authentification - Whereit-test" classname="Scenario: Authentification - Whereit-test" time="0.673"/>
  <testcase name="When Je saisis le username &quot;IVALIDUSERNAME&quot;" classname="Scenario: Authentification - Whereit-test" time="0"/>
  <testcase name="Then Je verifie le message d&apos;erreur &quot;Identifiant ou mot de passe incorrect&quot;" classname="Scenario: Authentification - Whereit-test" time="0"/>
  <testcase name="Then Je verifie le message d&apos;erreur &quot;Identifiant ou mot de passe incorrect&quot;" classname="Scenario: Authentification - Whereit-test" time="0"/>
  <testcase name="Then Je verifie le message d&apos;erreur &quot;Identifiant ou mot de passe incorrect&quot;" classname="Scenario: Authentification - Whereit-test" time="0"/>
  <testcase name="And Je saisis le password &quot;INVALIDPASSWORD&quot;" classname="Scenario: Authentification - Whereit-test" time="0"/>
  <testcase name="When Je saisis le username &quot;INVALIDUSERNAME&quot;" classname="Scenario: Authentification - Whereit-test" time="0"/>
  <testcase name="And Je saisis le password &quot;,INVALIDPASSWORD&quot;" classname="Scenario: Authentification - Whereit-test" time="0"/>
  <testcase name="Given Je me connecte à l&apos;application Whereit-test" classname="| Superviseur | WeFind1204%= |" time="0"/>
  <testcase name="When je saisis l&apos;identifiant &quot;Superviseur&quot;" classname="| Superviseur | WeFind1204%= |" time="0"/>
  <testcase name="And je saisis le mot de passe &quot;WeFind1204%=&quot;" classname="| Superviseur | WeFind1204%= |" time="0"/>
  <testcase name="And je clique sur le bouton Valider" classname="| Superviseur | WeFind1204%= |" time="0.001"/>
  <testcase name="| Superviseur | WeFind1204%= |" classname="| Superviseur | WeFind1204%= |" time="0.658"/>
  <testcase name="Given Je me connecte à l&apos;application Whereit-test" classname="| imen | 3fq4w |" time="0.001"/>
  <testcase name="When je saisis l&apos;identifiant &quot;imen&quot;" classname="| imen | 3fq4w |" time="0"/>
  <testcase name="And je saisis le mot de passe &quot;3fq4w&quot;" classname="| imen | 3fq4w |" time="0"/>
  <testcase name="And je clique sur le bouton Valider" classname="| imen | 3fq4w |" time="0"/>
  <testcase name="| imen | 3fq4w |" classname="| imen | 3fq4w |" time="0.655"/>
  <testcase name="Given Je me connecte à l&apos;application Whereit-test" classname="| yosra | 1xqxb |" time="0"/>
  <testcase name="When je saisis l&apos;identifiant &quot;yosra&quot;" classname="| yosra | 1xqxb |" time="0"/>
  <testcase name="And je saisis le mot de passe &quot;1xqxb&quot;" classname="| yosra | 1xqxb |" time="0"/>
  <testcase name="And je clique sur le bouton Valider" classname="| yosra | 1xqxb |" time="0.001"/>
  <testcase name="| yosra | 1xqxb |" classname="| yosra | 1xqxb |" time="0.641"/>
</testsuite>